0 info it worked if it ends with ok
1 verbose cli [ '/usr/local/bin/node',
1 verbose cli   '/usr/local/bin/npm',
1 verbose cli   'install',
1 verbose cli   '-g',
1 verbose cli   'react-tools' ]
2 info using npm@1.4.28
3 info using node@v0.10.33
4 verbose cache add [ 'react-tools', null ]
5 verbose cache add name=undefined spec="react-tools" args=["react-tools",null]
6 verbose parsed url { protocol: null,
6 verbose parsed url   slashes: null,
6 verbose parsed url   auth: null,
6 verbose parsed url   host: null,
6 verbose parsed url   port: null,
6 verbose parsed url   hostname: null,
6 verbose parsed url   hash: null,
6 verbose parsed url   search: null,
6 verbose parsed url   query: null,
6 verbose parsed url   pathname: 'react-tools',
6 verbose parsed url   path: 'react-tools',
6 verbose parsed url   href: 'react-tools' }
7 silly lockFile 0f761efe-react-tools react-tools
8 verbose lock react-tools /Users/michaelchum/.npm/0f761efe-react-tools.lock
9 silly lockFile 0f761efe-react-tools react-tools
10 silly lockFile 0f761efe-react-tools react-tools
11 verbose addNamed [ 'react-tools', '' ]
12 verbose addNamed [ null, '*' ]
13 silly lockFile 47fcd5e0-react-tools react-tools@
14 verbose lock react-tools@ /Users/michaelchum/.npm/47fcd5e0-react-tools.lock
15 silly addNameRange { name: 'react-tools', range: '*', hasData: false }
16 verbose request where is /react-tools
17 verbose request registry https://registry.npmjs.org/
18 verbose request id ca79a76c2f8118dd
19 verbose url raw /react-tools
20 verbose url resolving [ 'https://registry.npmjs.org/', './react-tools' ]
21 verbose url resolved https://registry.npmjs.org/react-tools
22 verbose request where is https://registry.npmjs.org/react-tools
23 info trying registry request attempt 1 at 10:52:41
24 verbose etag "DCVN3PH3L0BU1WFJYJG0ZD7Z7"
25 http GET https://registry.npmjs.org/react-tools
26 http 200 https://registry.npmjs.org/react-tools
27 silly registry.get cb [ 200,
27 silly registry.get   { date: 'Fri, 30 Jan 2015 15:52:40 GMT',
27 silly registry.get     server: 'CouchDB/1.5.0 (Erlang OTP/R16B03)',
27 silly registry.get     etag: '"AJIAF24PMGMZ3S7QGY2YZ4HFA"',
27 silly registry.get     'content-type': 'application/json',
27 silly registry.get     'cache-control': 'max-age=60',
27 silly registry.get     'content-length': '52856',
27 silly registry.get     'accept-ranges': 'bytes',
27 silly registry.get     via: '1.1 varnish',
27 silly registry.get     age: '0',
27 silly registry.get     'x-served-by': 'cache-jfk1020-JFK',
27 silly registry.get     'x-cache': 'HIT',
27 silly registry.get     'x-cache-hits': '1',
27 silly registry.get     'x-timer': 'S1422633160.324209,VS0,VE84',
27 silly registry.get     vary: 'Accept',
27 silly registry.get     'keep-alive': 'timeout=10, max=50',
27 silly registry.get     connection: 'Keep-Alive' } ]
28 silly addNameRange number 2 { name: 'react-tools', range: '*', hasData: true }
29 silly addNameRange versions [ 'react-tools',
29 silly addNameRange   [ '0.3.0',
29 silly addNameRange     '0.3.1',
29 silly addNameRange     '0.3.2',
29 silly addNameRange     '0.3.3',
29 silly addNameRange     '0.4.0',
29 silly addNameRange     '0.4.1',
29 silly addNameRange     '0.5.0',
29 silly addNameRange     '0.5.1',
29 silly addNameRange     '0.4.2',
29 silly addNameRange     '0.5.2',
29 silly addNameRange     '0.8.0',
29 silly addNameRange     '0.9.0-rc1',
29 silly addNameRange     '0.9.0',
29 silly addNameRange     '0.10.0-rc1',
29 silly addNameRange     '0.10.0',
29 silly addNameRange     '0.11.0-rc1',
29 silly addNameRange     '0.11.0',
29 silly addNameRange     '0.11.1',
29 silly addNameRange     '0.11.2',
29 silly addNameRange     '0.12.0-rc1',
29 silly addNameRange     '0.12.0',
29 silly addNameRange     '0.12.1',
29 silly addNameRange     '0.12.2',
29 silly addNameRange     '0.13.0-alpha.1',
29 silly addNameRange     '0.13.0-alpha.2',
29 silly addNameRange     '0.13.0-beta.1' ] ]
30 verbose addNamed [ 'react-tools', '0.12.2' ]
31 verbose addNamed [ '0.12.2', '0.12.2' ]
32 silly lockFile d49341b9-react-tools-0-12-2 react-tools@0.12.2
33 verbose lock react-tools@0.12.2 /Users/michaelchum/.npm/d49341b9-react-tools-0-12-2.lock
34 silly lockFile ad17add2-act-tools-react-tools-0-12-2-tgz https://registry.npmjs.org/react-tools/-/react-tools-0.12.2.tgz
35 verbose lock https://registry.npmjs.org/react-tools/-/react-tools-0.12.2.tgz /Users/michaelchum/.npm/ad17add2-act-tools-react-tools-0-12-2-tgz.lock
36 verbose addRemoteTarball [ 'https://registry.npmjs.org/react-tools/-/react-tools-0.12.2.tgz',
36 verbose addRemoteTarball   '92e55a24f8412df6583555dd96ceb8cdb24ae86e' ]
37 info retry fetch attempt 1 at 10:52:41
38 verbose fetch to= /var/folders/fd/d0g0d1f558q6dll71vngqwbw0000gn/T/npm-41434-2bWARZDj/registry.npmjs.org/react-tools/-/react-tools-0.12.2.tgz
39 http GET https://registry.npmjs.org/react-tools/-/react-tools-0.12.2.tgz
40 http 200 https://registry.npmjs.org/react-tools/-/react-tools-0.12.2.tgz
41 silly lockFile ad17add2-act-tools-react-tools-0-12-2-tgz https://registry.npmjs.org/react-tools/-/react-tools-0.12.2.tgz
42 silly lockFile ad17add2-act-tools-react-tools-0-12-2-tgz https://registry.npmjs.org/react-tools/-/react-tools-0.12.2.tgz
43 silly lockFile d49341b9-react-tools-0-12-2 react-tools@0.12.2
44 silly lockFile d49341b9-react-tools-0-12-2 react-tools@0.12.2
45 silly lockFile 47fcd5e0-react-tools react-tools@
46 silly lockFile 47fcd5e0-react-tools react-tools@
47 silly resolved [ { name: 'react-tools',
47 silly resolved     description: 'A set of complementary tools to React, including the JSX transformer.',
47 silly resolved     version: '0.12.2',
47 silly resolved     keywords: [ 'react', 'jsx', 'transformer', 'view' ],
47 silly resolved     homepage: 'http://facebook.github.io/react',
47 silly resolved     bugs: { url: 'https://github.com/facebook/react/issues' },
47 silly resolved     license: 'BSD-3-Clause',
47 silly resolved     files: [ 'main.js', 'bin/jsx', 'src/', 'vendor/fbtransform/' ],
47 silly resolved     main: 'main.js',
47 silly resolved     bin: { jsx: './bin/jsx' },
47 silly resolved     repository: { type: 'git', url: 'https://github.com/facebook/react' },
47 silly resolved     dependencies: { commoner: '^0.10.0', jstransform: '^8.2.0' },
47 silly resolved     devDependencies:
47 silly resolved      { benchmark: '~1.0.0',
47 silly resolved        browserify: '^6.1.0',
47 silly resolved        coverify: '~1.0.4',
47 silly resolved        derequire: '^1.2.0',
47 silly resolved        envify: '^3.0.0',
47 silly resolved        es3ify: '~0.1.2',
47 silly resolved        'es5-shim': '^4.0.0',
47 silly resolved        grunt: '~0.4.2',
47 silly resolved        'grunt-cli': '~0.1.9',
47 silly resolved        'grunt-compare-size': '~0.4.0',
47 silly resolved        'grunt-contrib-clean': '^0.6.0',
47 silly resolved        'grunt-contrib-compress': '^0.12.0',
47 silly resolved        'grunt-contrib-connect': '~0.6.0',
47 silly resolved        'grunt-contrib-copy': '^0.6.0',
47 silly resolved        'grunt-contrib-jshint': '^0.10.0',
47 silly resolved        'gzip-js': '~0.3.2',
47 silly resolved        'jasmine-tapreporter': '~0.2.2',
47 silly resolved        'jest-cli': '~0.1.5',
47 silly resolved        lodash: '~2.4.1',
47 silly resolved        optimist: '~0.6.0',
47 silly resolved        phantomjs: '~1.9',
47 silly resolved        platform: '^1.1.0',
47 silly resolved        populist: '~0.1.6',
47 silly resolved        recast: '^0.7.2',
47 silly resolved        'sauce-tunnel': '~1.1.0',
47 silly resolved        tmp: '~0.0.18',
47 silly resolved        'uglify-js': '~2.4.0',
47 silly resolved        uglifyify: '^2.4.0',
47 silly resolved        wd: '~0.2.6' },
47 silly resolved     engines: { node: '>=0.10.0' },
47 silly resolved     preferGlobal: true,
47 silly resolved     commonerConfig: { version: 4 },
47 silly resolved     scripts: { test: 'grunt test', jest: 'jest' },
47 silly resolved     jest:
47 silly resolved      { rootDir: '',
47 silly resolved        scriptPreprocessor: 'jest/preprocessor.js',
47 silly resolved        setupEnvScriptFile: 'jest/environment.js',
47 silly resolved        modulePathIgnorePatterns: [Object],
47 silly resolved        testPathIgnorePatterns: [Object],
47 silly resolved        unmockedModulePathPatterns: [Object] },
47 silly resolved     _id: 'react-tools@0.12.2',
47 silly resolved     _shasum: '92e55a24f8412df6583555dd96ceb8cdb24ae86e',
47 silly resolved     _resolved: 'https://registry.npmjs.org/react-tools/-/react-tools-0.12.2.tgz',
47 silly resolved     _from: 'react-tools@',
47 silly resolved     _npmVersion: '2.1.11',
47 silly resolved     _nodeVersion: '0.10.32',
47 silly resolved     _npmUser: { name: 'zpao', email: 'paul@oshannessy.com' },
47 silly resolved     maintainers: [ [Object], [Object] ],
47 silly resolved     dist:
47 silly resolved      { shasum: '92e55a24f8412df6583555dd96ceb8cdb24ae86e',
47 silly resolved        tarball: 'http://registry.npmjs.org/react-tools/-/react-tools-0.12.2.tgz' },
47 silly resolved     directories: {} } ]
48 info install react-tools@0.12.2 into /usr/local/lib
49 info installOne react-tools@0.12.2
50 verbose lib/node_modules/react-tools unbuild
51 verbose tar unpack /Users/michaelchum/.npm/react-tools/0.12.2/package.tgz
52 silly lockFile 5a40cc9f-cal-lib-node-modules-react-tools tar:///usr/local/lib/node_modules/react-tools
53 verbose lock tar:///usr/local/lib/node_modules/react-tools /Users/michaelchum/.npm/5a40cc9f-cal-lib-node-modules-react-tools.lock
54 silly lockFile 401d40be-m-react-tools-0-12-2-package-tgz tar:///Users/michaelchum/.npm/react-tools/0.12.2/package.tgz
55 verbose lock tar:///Users/michaelchum/.npm/react-tools/0.12.2/package.tgz /Users/michaelchum/.npm/401d40be-m-react-tools-0-12-2-package-tgz.lock
56 silly gunzTarPerm modes [ '755', '644' ]
57 error Error: EACCES, mkdir '/usr/local/lib/node_modules/react-tools'
57 error  { [Error: EACCES, mkdir '/usr/local/lib/node_modules/react-tools']
57 error   errno: 3,
57 error   code: 'EACCES',
57 error   path: '/usr/local/lib/node_modules/react-tools',
57 error   fstream_type: 'Directory',
57 error   fstream_path: '/usr/local/lib/node_modules/react-tools',
57 error   fstream_class: 'DirWriter',
57 error   fstream_stack:
57 error    [ '/usr/local/lib/node_modules/npm/node_modules/fstream/lib/dir-writer.js:36:23',
57 error      '/usr/local/lib/node_modules/npm/node_modules/mkdirp/index.js:46:53',
57 error      'Object.oncomplete (fs.js:107:15)' ] }
58 error Please try running this command again as root/Administrator.
59 error System Darwin 14.0.0
60 error command "/usr/local/bin/node" "/usr/local/bin/npm" "install" "-g" "react-tools"
61 error cwd /Users/michaelchum/code/hksn-app/platforms/ios
62 error node -v v0.10.33
63 error npm -v 1.4.28
64 error path /usr/local/lib/node_modules/react-tools
65 error fstream_path /usr/local/lib/node_modules/react-tools
66 error fstream_type Directory
67 error fstream_class DirWriter
68 error code EACCES
69 error errno 3
70 error stack Error: EACCES, mkdir '/usr/local/lib/node_modules/react-tools'
71 error fstream_stack /usr/local/lib/node_modules/npm/node_modules/fstream/lib/dir-writer.js:36:23
71 error fstream_stack /usr/local/lib/node_modules/npm/node_modules/mkdirp/index.js:46:53
71 error fstream_stack Object.oncomplete (fs.js:107:15)
72 verbose exit [ 3, true ]
